2019-03-09 20:41:35.626 febs [main] ERROR c.m.f.common.runner.CacheInitRunner - 缓存初始化失败，Could not get a resource from the pool
2019-03-09 20:41:35.626 febs [main] ERROR c.m.f.common.runner.CacheInitRunner -  ____   __    _   _ 
2019-03-09 20:41:35.626 febs [main] ERROR c.m.f.common.runner.CacheInitRunner - | |_   / /\  | | | |
2019-03-09 20:41:35.626 febs [main] ERROR c.m.f.common.runner.CacheInitRunner - |_|   /_/--\ |_| |_|__
2019-03-09 20:41:35.626 febs [main] ERROR c.m.f.common.runner.CacheInitRunner -                         
2019-03-09 20:41:35.626 febs [main] ERROR c.m.f.common.runner.CacheInitRunner - FEBS启动失败              
2019-03-09 20:41:35.626 febs [main] ERROR c.m.f.common.runner.CacheInitRunner - Redis连接异常，请检查Redis连接配置并确保Redis服务已启动
2019-03-09 20:58:54.474 febs [main] ERROR c.m.f.common.runner.CacheInitRunner - 缓存初始化失败，NOAUTH Authentication required.
2019-03-09 20:58:54.474 febs [main] ERROR c.m.f.common.runner.CacheInitRunner -  ____   __    _   _ 
2019-03-09 20:58:54.474 febs [main] ERROR c.m.f.common.runner.CacheInitRunner - | |_   / /\  | | | |
2019-03-09 20:58:54.474 febs [main] ERROR c.m.f.common.runner.CacheInitRunner - |_|   /_/--\ |_| |_|__
2019-03-09 20:58:54.474 febs [main] ERROR c.m.f.common.runner.CacheInitRunner -                         
2019-03-09 20:58:54.474 febs [main] ERROR c.m.f.common.runner.CacheInitRunner - FEBS启动失败              
2019-03-09 20:58:54.474 febs [main] ERROR c.m.f.common.runner.CacheInitRunner - Redis连接异常，请检查Redis连接配置并确保Redis服务已启动
2019-03-09 20:59:27.897 febs [main] ERROR c.m.f.common.runner.CacheInitRunner - 缓存初始化失败，
### Error querying database.  Cause: java.sql.SQLSyntaxErrorException: Expression #1 of SELECT list is not in GROUP BY clause and contains nonaggregated column 'febs.u.USER_ID' which is not functionally dependent on columns in GROUP BY clause; this is incompatible with sql_mode=only_full_group_by
### The error may exist in file [E:\Git\FEBS-Vue\backend\target\classes\mapper\system\UserMapper.xml]
### The error may involve UserMapper.findUserDetail-Inline
### The error occurred while setting parameters
### SQL: SELECT         u.user_id userId,         u.username,         u.password,         u.email,         u.mobile,         u. STATUS,         u.create_time createTime,         u.ssex,         d.dept_id deptId,         d.dept_name deptName,         u.AVATAR,         u.DESCRIPTION,         u.LAST_LOGIN_TIME lastLoginTime,         GROUP_CONCAT(r.role_id) roleId,         GROUP_CONCAT(r.ROLE_NAME) roleName         FROM         t_user u         LEFT JOIN t_dept d ON (u.dept_id = d.dept_id)         LEFT JOIN t_user_role ur ON (u.user_id = ur.user_id)         LEFT JOIN t_role r ON r.role_id = ur.role_id         WHERE 1 = 1                                                                     group by u.username                           ORDER BY u.user_id
### Cause: java.sql.SQLSyntaxErrorException: Expression #1 of SELECT list is not in GROUP BY clause and contains nonaggregated column 'febs.u.USER_ID' which is not functionally dependent on columns in GROUP BY clause; this is incompatible with sql_mode=only_full_group_by
; bad SQL grammar []; nested exception is java.sql.SQLSyntaxErrorException: Expression #1 of SELECT list is not in GROUP BY clause and contains nonaggregated column 'febs.u.USER_ID' which is not functionally dependent on columns in GROUP BY clause; this is incompatible with sql_mode=only_full_group_by
2019-03-09 20:59:27.897 febs [main] ERROR c.m.f.common.runner.CacheInitRunner -  ____   __    _   _ 
2019-03-09 20:59:27.897 febs [main] ERROR c.m.f.common.runner.CacheInitRunner - | |_   / /\  | | | |
2019-03-09 20:59:27.898 febs [main] ERROR c.m.f.common.runner.CacheInitRunner - |_|   /_/--\ |_| |_|__
2019-03-09 20:59:27.898 febs [main] ERROR c.m.f.common.runner.CacheInitRunner -                         
2019-03-09 20:59:27.898 febs [main] ERROR c.m.f.common.runner.CacheInitRunner - FEBS启动失败              
2019-03-09 21:01:44.423 febs [main] ERROR c.m.f.common.runner.CacheInitRunner - 缓存初始化失败，
### Error querying database.  Cause: java.sql.SQLSyntaxErrorException: In aggregated query without GROUP BY, expression #1 of SELECT list contains nonaggregated column 'febs.u.USER_ID'; this is incompatible with sql_mode=only_full_group_by
### The error may exist in file [E:\Git\FEBS-Vue\backend\target\classes\mapper\system\UserMapper.xml]
### The error may involve UserMapper.findUserDetail-Inline
### The error occurred while setting parameters
### SQL: SELECT         u.user_id userId,         u.username,         u.password,         u.email,         u.mobile,         u. STATUS,         u.create_time createTime,         u.ssex,         d.dept_id deptId,         d.dept_name deptName,         u.AVATAR,         u.DESCRIPTION,         u.LAST_LOGIN_TIME lastLoginTime,         GROUP_CONCAT(r.role_id) roleId,         GROUP_CONCAT(r.ROLE_NAME) roleName         FROM         t_user u         LEFT JOIN t_dept d ON (u.dept_id = d.dept_id)         LEFT JOIN t_user_role ur ON (u.user_id = ur.user_id)         LEFT JOIN t_role r ON r.role_id = ur.role_id         WHERE 1 = 1                                                                                                ORDER BY u.user_id
### Cause: java.sql.SQLSyntaxErrorException: In aggregated query without GROUP BY, expression #1 of SELECT list contains nonaggregated column 'febs.u.USER_ID'; this is incompatible with sql_mode=only_full_group_by
; bad SQL grammar []; nested exception is java.sql.SQLSyntaxErrorException: In aggregated query without GROUP BY, expression #1 of SELECT list contains nonaggregated column 'febs.u.USER_ID'; this is incompatible with sql_mode=only_full_group_by
2019-03-09 21:01:44.423 febs [main] ERROR c.m.f.common.runner.CacheInitRunner -  ____   __    _   _ 
2019-03-09 21:01:44.424 febs [main] ERROR c.m.f.common.runner.CacheInitRunner - | |_   / /\  | | | |
2019-03-09 21:01:44.424 febs [main] ERROR c.m.f.common.runner.CacheInitRunner - |_|   /_/--\ |_| |_|__
2019-03-09 21:01:44.424 febs [main] ERROR c.m.f.common.runner.CacheInitRunner -                         
2019-03-09 21:01:44.424 febs [main] ERROR c.m.f.common.runner.CacheInitRunner - FEBS启动失败              
